<?xml version="1.0" encoding="UTF-8"?>
<!-- Generated by org.testng.reporters.JUnitReportReporter -->
<testsuite skipped="0" hostname="Balaji-PC" name="com.misc.prac.Actions_prac" tests="1" failures="0" timestamp="23 Jan 2020 04:11:49 GMT" time="15.306" errors="0">
  <testcase name="f" time="15.306" classname="com.misc.prac.Actions_prac"/>
</testsuite> <!-- com.misc.prac.Actions_prac -->
